Build started 12/20/2016 12:02:06 PM.
     1>Project "D:\Coding\CC++\Proj\MagicHat\Server\Server.vcxproj" on node 2 (Build target(s)).
     1>ClCompile:
         C:\Program Files (x86)\Microsoft Visual Studio 12.0\VC\bin\CL.exe /c /ZI /nologo /W3 /WX- /sdl /Od /Oy- /D _CRT_SECURE_NO_WARNINGS /D WIN32 /D _DEBUG /D _CONSOLE /D _LIB /D _UNICODE /D UNICODE /D _AFXDLL /Gm /EHsc /RTC1 /MDd /GS /fp:precise /Zc:wchar_t /Zc:forScope /Yc"stdafx.h" /Fp"Debug\Server.pch" /Fo"Debug\\" /Fd"Debug\vc120.pdb" /Gd /TP /analyze- /errorReport:prompt stdafx.cpp
         stdafx.cpp
     1>d:\coding\cc++\proj\magichat\server\stdafx.h(14): warning C4005: '_CRT_SECURE_NO_WARNINGS' : macro redefinition
                 command-line arguments :  see previous definition of '_CRT_SECURE_NO_WARNINGS'
         C:\Program Files (x86)\Microsoft Visual Studio 12.0\VC\bin\CL.exe /c /ZI /nologo /W3 /WX- /sdl /Od /Oy- /D _CRT_SECURE_NO_WARNINGS /D WIN32 /D _DEBUG /D _CONSOLE /D _LIB /D _UNICODE /D UNICODE /D _AFXDLL /Gm /EHsc /RTC1 /MDd /GS /fp:precise /Zc:wchar_t /Zc:forScope /Yu"stdafx.h" /Fp"Debug\Server.pch" /Fo"Debug\\" /Fd"Debug\vc120.pdb" /Gd /TP /analyze- /errorReport:prompt Server.cpp
         Server.cpp
     1>d:\coding\cc++\proj\magichat\server\server.cpp(133): warning C4018: '<' : signed/unsigned mismatch
     1>d:\coding\cc++\proj\magichat\server\server.cpp(161): warning C4244: 'argument' : conversion from 'time_t' to 'unsigned int', possible loss of data
     1>d:\coding\cc++\proj\magichat\server\server.cpp(419): warning C4018: '<' : signed/unsigned mismatch
     1>d:\coding\cc++\proj\magichat\server\server.cpp(584): warning C4018: '<' : signed/unsigned mismatch
       ResourceCompile:
         C:\Program Files (x86)\Windows Kits\8.1\bin\x86\rc.exe /D _UNICODE /D UNICODE /D _AFXDLL /l"0x0409" /nologo /fo"Debug\Server.res" Server.rc 
       Link:
         C:\Program Files (x86)\Microsoft Visual Studio 12.0\VC\bin\link.exe /ERRORREPORT:PROMPT /OUT:"D:\Coding\CC++\Proj\MagicHat\Debug\Server.exe" /INCREMENTAL /NOLOGO /MANIFEST /MANIFESTUAC:"level='asInvoker' uiAccess='false'" /manifest:embed /manifestinput:"C:\Program Files (x86)\Microsoft Visual Studio 12.0\VC\Include\Manifest\dpiaware.manifest" /DEBUG /PDB:"D:\Coding\CC++\Proj\MagicHat\Debug\Server.pdb" /SUBSYSTEM:CONSOLE /TLBID:1 /DYNAMICBASE /NXCOMPAT /IMPLIB:"D:\Coding\CC++\Proj\MagicHat\Debug\Server.lib" /MACHINE:X86 Debug\Server.res
         Debug\Server.obj
         Debug\stdafx.obj
         Server.vcxproj -> D:\Coding\CC++\Proj\MagicHat\Debug\Server.exe
     1>Done Building Project "D:\Coding\CC++\Proj\MagicHat\Server\Server.vcxproj" (Build target(s)).

Build succeeded.

Time Elapsed 00:00:07.96
