Build started 12/20/2016 12:04:43 PM.
     1>Project "D:\Coding\CC++\Proj\MagicHat\Client\Client.vcxproj" on node 2 (Build target(s)).
     1>ClCompile:
         C:\Program Files (x86)\Microsoft Visual Studio 12.0\VC\bin\CL.exe /c /Zi /nologo /W3 /WX- /sdl /O2 /Oi /Oy- /GL /D _CRT_SECURE_NO_WARNINGS /D WIN32 /D NDEBUG /D _CONSOLE /D _LIB /D _UNICODE /D UNICODE /D _AFXDLL /Gm- /EHsc /MD /GS /Gy /fp:precise /Zc:wchar_t /Zc:forScope /Yc"stdafx.h" /Fp"Release\Client.pch" /Fo"Release\\" /Fd"Release\vc120.pdb" /Gd /TP /analyze- /errorReport:prompt stdafx.cpp
         stdafx.cpp
     1>d:\coding\cc++\proj\magichat\client\stdafx.h(15): warning C4005: '_CRT_SECURE_NO_WARNINGS' : macro redefinition
                 command-line arguments :  see previous definition of '_CRT_SECURE_NO_WARNINGS'
         C:\Program Files (x86)\Microsoft Visual Studio 12.0\VC\bin\CL.exe /c /Zi /nologo /W3 /WX- /sdl /O2 /Oi /Oy- /GL /D _CRT_SECURE_NO_WARNINGS /D WIN32 /D NDEBUG /D _CONSOLE /D _LIB /D _UNICODE /D UNICODE /D _AFXDLL /Gm- /EHsc /MD /GS /Gy /fp:precise /Zc:wchar_t /Zc:forScope /Yu"stdafx.h" /Fp"Release\Client.pch" /Fo"Release\\" /Fd"Release\vc120.pdb" /Gd /TP /analyze- /errorReport:prompt Client.cpp
         Client.cpp
     1>Client.cpp(113): warning C4018: '<' : signed/unsigned mismatch
     1>Client.cpp(176): warning C4244: 'argument' : conversion from 'time_t' to 'unsigned int', possible loss of data
     1>Client.cpp(160): warning C4101: 'clientName' : unreferenced local variable
       ResourceCompile:
         C:\Program Files (x86)\Windows Kits\8.1\bin\x86\rc.exe /D _UNICODE /D UNICODE /D _AFXDLL /l"0x0409" /nologo /fo"Release\Client.res" Client.rc 
       Link:
         C:\Program Files (x86)\Microsoft Visual Studio 12.0\VC\bin\link.exe /ERRORREPORT:PROMPT /OUT:"D:\Coding\CC++\Proj\MagicHat\Release\Client.exe" /INCREMENTAL:NO /NOLOGO /MANIFEST /MANIFESTUAC:"level='asInvoker' uiAccess='false'" /manifest:embed /manifestinput:"C:\Program Files (x86)\Microsoft Visual Studio 12.0\VC\Include\Manifest\dpiaware.manifest" /DEBUG /PDB:"D:\Coding\CC++\Proj\MagicHat\Release\Client.pdb" /SUBSYSTEM:CONSOLE /OPT:REF /OPT:ICF /LTCG /TLBID:1 /DYNAMICBASE /NXCOMPAT /IMPLIB:"D:\Coding\CC++\Proj\MagicHat\Release\Client.lib" /MACHINE:X86 /SAFESEH Release\Client.res
         Release\Client.obj
         Release\stdafx.obj
         Generating code
         Finished generating code
         Client.vcxproj -> D:\Coding\CC++\Proj\MagicHat\Release\Client.exe
     1>Done Building Project "D:\Coding\CC++\Proj\MagicHat\Client\Client.vcxproj" (Build target(s)).

Build succeeded.

Time Elapsed 00:00:04.31
